<?xml version="1.0" encoding="UTF-8"?>
<!-- Generated by org.testng.reporters.JUnitXMLReporter -->
<testsuite ignored="0" hostname="VIPIN" failures="2" tests="54" name="Test" time="36.525" errors="0" timestamp="2021-09-14T18:40:32 PDT">
  <testcase classname="testNG.BatchExecution" name="deleteCustomer" time="0.008"/>
  <testcase classname="testNG.BatchExecution" name="registerCustomer" time="0.003"/>
  <testcase classname="testNG.BatchExecution" name="editCustomer" time="0.002"/>
  <testcase classname="testNG.BatchExecution" name="editCustomer" time="0.004"/>
  <testcase classname="com.actitime.test.CustomerModule1" name="createCustomer" time="0.003"/>
  <testcase classname="com.actitime.test.CustomerModule1" name="deleteCustomer" time="0.013"/>
  <testcase classname="com.actitime.test.CustomerModule1" name="modifyCustomer" time="0.002"/>
  <testcase classname="moduleTestNG.CustomerModule" name="createCustomer" time="0.003"/>
  <testcase classname="moduleTestNG.CustomerModule" name="deleteCustomer" time="0.009"/>
  <testcase classname="moduleTestNG.CustomerModule" name="modifyCustomer" time="0.007"/>
  <testcase classname="moduleTestNG.CustomerModule" name="modifyCustomer" time="0.002"/>
  <testcase classname="moduleTestNG.CustomerModule" name="modifyCustomer" time="0.004"/>
  <testcase classname="moduleTestNG.CustomerModule" name="modifyCustomer" time="0.002"/>
  <testcase classname="testNG.AssertClass" name="testVerifyTitle" time="7.196">
    <failure type="java.lang.AssertionError" message="expected [Doodle] but found [Google]">
      <![CDATA[java.lang.AssertionError: expected [Doodle] but found [Google]
at testNG.AssertClass.testVerifyTitle(AssertClass.java:19)
at java.base/java.util.ArrayList.forEach(ArrayList.java:1511)
... Removed 33 stack frames]]>
    </failure>
  </testcase> <!-- testVerifyTitle -->
  <testcase classname="batchExecution.CustomerModule" name="createCustomer" time="0.006"/>
  <testcase classname="batchExecution.CustomerModule" name="deleteCustomer" time="0.007"/>
  <testcase classname="batchExecution.CustomerModule1" name="deleteCustomer" time="0.003"/>
  <testcase classname="batchExecution.CustomerModule1" name="registerCustomer" time="0.002"/>
  <testcase classname="batchExecution.CustomerModule1" name="editCustomer" time="0.002"/>
  <testcase classname="batchExecution.CustomerModule1" name="editCustomer" time="0.002"/>
  <testcase classname="parallelExecution.ProjectModule" name="createProject" time="0.01"/>
  <testcase classname="parallelExecution.ProjectModule" name="deleteProject" time="0.001"/>
  <testcase classname="parallelExecution.ProjectModule" name="modifyProject" time="0.005"/>
  <testcase classname="parallelExecution.ProjectModule" name="modifyProject" time="0.002"/>
  <testcase classname="parallelExecution.ProjectModule" name="modifyProject" time="0.003"/>
  <testcase classname="parallelExecution.ProjectModule" name="modifyProject" time="0.003"/>
  <testcase classname="com.actitime.test.CustomerModule" name="createCustomer" time="0.002"/>
  <testcase classname="com.actitime.test.CustomerModule" name="deleteCustomer" time="0.002"/>
  <testcase classname="com.actitime.test.CustomerModule" name="modifyCustomer" time="0.002"/>
  <testcase classname="com.actitime.test.CustomerModule" name="modifyCustomer" time="0.007"/>
  <testcase classname="com.actitime.test.CustomerModule" name="modifyCustomer" time="0.007"/>
  <testcase classname="com.actitime.test.CustomerModule" name="modifyCustomer" time="0.004"/>
  <testcase classname="testNG.SoftAssertClass" name="testVerifyTitle" time="9.855">
    <failure type="java.lang.AssertionError" message="The following asserts failed:
	expected [Doodle] but found [Google]">
      <![CDATA[java.lang.AssertionError: The following asserts failed:
expected [Doodle] but found [Google]
at testNG.SoftAssertClass.testVerifyTitle(SoftAssertClass.java:23)
at java.base/java.util.ArrayList.forEach(ArrayList.java:1511)
... Removed 29 stack frames]]>
    </failure>
  </testcase> <!-- testVerifyTitle -->
  <testcase classname="parallelExecution.CustomerModule" name="createCustomer" time="0.001"/>
  <testcase classname="parallelExecution.CustomerModule" name="deleteCustomer" time="0.001"/>
  <testcase classname="testNG.Demo" name="demoTest" time="0.001"/>
  <testcase classname="interviewbased.Screenshot" name="testScreenshot" time="8.71"/>
  <testcase classname="com.actitime.test.VerifyTitle" name="testVerifyTitle" time="10.284"/>
  <testcase classname="moduleTestNG.ProjectModule" name="createProject" time="0.002"/>
  <testcase classname="moduleTestNG.ProjectModule" name="deleteProject" time="0.002"/>
  <testcase classname="moduleTestNG.ProjectModule" name="modifyProject" time="0.002"/>
  <testcase classname="moduleTestNG.ProjectModule" name="modifyProject" time="0.002"/>
  <testcase classname="moduleTestNG.ProjectModule" name="modifyProject" time="0.002"/>
  <testcase classname="moduleTestNG.ProjectModule" name="modifyProject" time="0.001"/>
  <testcase classname="com.actitime.test.ProjectModule" name="createProject" time="0.001"/>
  <testcase classname="com.actitime.test.ProjectModule" name="deleteProject" time="0.001"/>
  <testcase classname="com.actitime.test.ProjectModule" name="modifyProject" time="0.001"/>
  <testcase classname="com.actitime.test.ProjectModule" name="modifyProject" time="0.002"/>
  <testcase classname="com.actitime.test.ProjectModule" name="modifyProject" time="0.001"/>
  <testcase classname="com.actitime.test.ProjectModule" name="modifyProject" time="0.001"/>
  <testcase classname="com.actitime.test.CustomerModuleForBeforeClassAndMethod" name="deleteCustomer" time="0.001"/>
  <testcase classname="com.actitime.test.CustomerModuleForBeforeClassAndMethod" name="registerCustomer" time="0.001"/>
  <testcase classname="com.actitime.test.CustomerModuleForBeforeClassAndMethod" name="editCustomer" time="0.005"/>
  <testcase classname="com.actitime.test.CustomerModuleForBeforeClassAndMethod" name="editCustomer" time="0.001"/>
</testsuite> <!-- Test -->
