<?xml version="1.0" encoding="UTF-8"?>
<!-- Generated by org.testng.reporters.JUnitXMLReporter -->
<testsuite ignored="0" hostname="VIPIN" failures="1" tests="32" name="TestBlock1" time="6.554" errors="0" timestamp="2021-09-14T18:43:47 PDT">
  <testcase classname="testNG.BatchExecution" name="deleteCustomer" time="0.009"/>
  <testcase classname="testNG.BatchExecution" name="registerCustomer" time="0.004"/>
  <testcase classname="testNG.BatchExecution" name="editCustomer" time="0.003"/>
  <testcase classname="testNG.BatchExecution" name="editCustomer" time="0.002"/>
  <testcase classname="com.actitime.test.CustomerModule1" name="createCustomer" time="0.002"/>
  <testcase classname="com.actitime.test.CustomerModule1" name="deleteCustomer" time="0.002"/>
  <testcase classname="com.actitime.test.CustomerModule1" name="modifyCustomer" time="0.003"/>
  <testcase classname="moduleTestNG.CustomerModule" name="createCustomer" time="0.003"/>
  <testcase classname="moduleTestNG.CustomerModule" name="deleteCustomer" time="0.004"/>
  <testcase classname="moduleTestNG.CustomerModule" name="modifyCustomer" time="0.002"/>
  <testcase classname="moduleTestNG.CustomerModule" name="modifyCustomer" time="0.002"/>
  <testcase classname="moduleTestNG.CustomerModule" name="modifyCustomer" time="0.003"/>
  <testcase classname="moduleTestNG.CustomerModule" name="modifyCustomer" time="0.002"/>
  <testcase classname="testNG.AssertClass" name="testVerifyTitle" time="6.189">
    <failure type="java.lang.AssertionError" message="expected [Doodle] but found [Google]">
      <![CDATA[java.lang.AssertionError: expected [Doodle] but found [Google]
at testNG.AssertClass.testVerifyTitle(AssertClass.java:19)
at java.base/java.util.ArrayList.forEach(ArrayList.java:1511)
... Removed 33 stack frames]]>
    </failure>
  </testcase> <!-- testVerifyTitle -->
  <testcase classname="batchExecution.CustomerModule" name="createCustomer" time="0.004"/>
  <testcase classname="batchExecution.CustomerModule" name="deleteCustomer" time="0.012"/>
  <testcase classname="batchExecution.CustomerModule1" name="deleteCustomer" time="0.005"/>
  <testcase classname="batchExecution.CustomerModule1" name="registerCustomer" time="0.002"/>
  <testcase classname="batchExecution.CustomerModule1" name="editCustomer" time="0.015"/>
  <testcase classname="batchExecution.CustomerModule1" name="editCustomer" time="0.001"/>
  <testcase classname="parallelExecution.ProjectModule" name="createProject" time="0.002"/>
  <testcase classname="parallelExecution.ProjectModule" name="deleteProject" time="0.002"/>
  <testcase classname="parallelExecution.ProjectModule" name="modifyProject" time="0.003"/>
  <testcase classname="parallelExecution.ProjectModule" name="modifyProject" time="0.002"/>
  <testcase classname="parallelExecution.ProjectModule" name="modifyProject" time="0.002"/>
  <testcase classname="parallelExecution.ProjectModule" name="modifyProject" time="0.002"/>
  <testcase classname="com.actitime.test.CustomerModule" name="createCustomer" time="0.002"/>
  <testcase classname="com.actitime.test.CustomerModule" name="deleteCustomer" time="0.004"/>
  <testcase classname="com.actitime.test.CustomerModule" name="modifyCustomer" time="0.002"/>
  <testcase classname="com.actitime.test.CustomerModule" name="modifyCustomer" time="0.005"/>
  <testcase classname="com.actitime.test.CustomerModule" name="modifyCustomer" time="0.004"/>
  <testcase classname="com.actitime.test.CustomerModule" name="modifyCustomer" time="0.003"/>
</testsuite> <!-- TestBlock1 -->
