<?xml version="1.0" encoding="UTF-8"?>
<!-- Generated by org.testng.reporters.JUnitXMLReporter -->
<testsuite ignored="0" hostname="VIPIN" failures="1" tests="22" name="TestBlock2" time="28.238" errors="0" timestamp="2021-09-14T18:44:15 PDT">
  <testcase classname="testNG.SoftAssertClass" name="testVerifyTitle" time="11.883">
    <failure type="java.lang.AssertionError" message="The following asserts failed:
	expected [Doodle] but found [Google]">
      <![CDATA[java.lang.AssertionError: The following asserts failed:
expected [Doodle] but found [Google]
at testNG.SoftAssertClass.testVerifyTitle(SoftAssertClass.java:23)
at java.base/java.util.ArrayList.forEach(ArrayList.java:1511)
... Removed 29 stack frames]]>
    </failure>
  </testcase> <!-- testVerifyTitle -->
  <testcase classname="parallelExecution.CustomerModule" name="createCustomer" time="0.002"/>
  <testcase classname="parallelExecution.CustomerModule" name="deleteCustomer" time="0.002"/>
  <testcase classname="testNG.Demo" name="demoTest" time="0.004"/>
  <testcase classname="interviewbased.Screenshot" name="testScreenshot" time="9.799"/>
  <testcase classname="com.actitime.test.VerifyTitle" name="testVerifyTitle" time="6.429"/>
  <testcase classname="moduleTestNG.ProjectModule" name="createProject" time="0.001"/>
  <testcase classname="moduleTestNG.ProjectModule" name="deleteProject" time="0.001"/>
  <testcase classname="moduleTestNG.ProjectModule" name="modifyProject" time="0.002"/>
  <testcase classname="moduleTestNG.ProjectModule" name="modifyProject" time="0.002"/>
  <testcase classname="moduleTestNG.ProjectModule" name="modifyProject" time="0.002"/>
  <testcase classname="moduleTestNG.ProjectModule" name="modifyProject" time="0.001"/>
  <testcase classname="com.actitime.test.ProjectModule" name="createProject" time="0.001"/>
  <testcase classname="com.actitime.test.ProjectModule" name="deleteProject" time="0.001"/>
  <testcase classname="com.actitime.test.ProjectModule" name="modifyProject" time="0.001"/>
  <testcase classname="com.actitime.test.ProjectModule" name="modifyProject" time="0.001"/>
  <testcase classname="com.actitime.test.ProjectModule" name="modifyProject" time="0.001"/>
  <testcase classname="com.actitime.test.ProjectModule" name="modifyProject" time="0.001"/>
  <testcase classname="com.actitime.test.CustomerModuleForBeforeClassAndMethod" name="deleteCustomer" time="0.002"/>
  <testcase classname="com.actitime.test.CustomerModuleForBeforeClassAndMethod" name="registerCustomer" time="0.001"/>
  <testcase classname="com.actitime.test.CustomerModuleForBeforeClassAndMethod" name="editCustomer" time="0.002"/>
  <testcase classname="com.actitime.test.CustomerModuleForBeforeClassAndMethod" name="editCustomer" time="0.01"/>
</testsuite> <!-- TestBlock2 -->
